<?xml version="1.0" encoding="UTF-8"?>
<testsuite xmlns:xsi="http://www.w3.org/2001/XMLSchema-instance" xsi:noNamespaceSchemaLocation="https://maven.apache.org/surefire/maven-surefire-plugin/xsd/surefire-test-report-3.0.xsd" version="3.0" name="validations.ResultsOfNewOperations" time="0.335" tests="4" errors="0" skipped="0" failures="0">
  <properties>
[...]
</properties>
  <testcase name="testMultiplication" classname="validations.ResultsOfNewOperations" time="0.01"/>
  <testcase name="testAddition" classname="validations.ResultsOfNewOperations" time="0"/>
  <testcase name="testDivision" classname="validations.ResultsOfNewOperations" time="0.001"/>
  <testcase name="testSubtraction" classname="validations.ResultsOfNewOperations" time="0"/>
</testsuite>